{"/home/eman/401course/Code-Challenge---Stack-and-Queue/LinkedList.js": {"path":"/home/eman/401course/Code-Challenge---Stack-and-Queue/LinkedList.js","statementMap":{"0":{"start":{"line":3,"column":13},"end":{"line":3,"column":30}},"1":{"start":{"line":7,"column":8},"end":{"line":7,"column":24}},"2":{"start":{"line":8,"column":8},"end":{"line":8,"column":25}},"3":{"start":{"line":9,"column":8},"end":{"line":9,"column":24}},"4":{"start":{"line":13,"column":21},"end":{"line":13,"column":34}},"5":{"start":{"line":14,"column":8},"end":{"line":19,"column":9}},"6":{"start":{"line":15,"column":12},"end":{"line":15,"column":29}},"7":{"start":{"line":17,"column":12},"end":{"line":17,"column":34}},"8":{"start":{"line":18,"column":12},"end":{"line":18,"column":28}},"9":{"start":{"line":20,"column":8},"end":{"line":21,"column":29}},"10":{"start":{"line":21,"column":12},"end":{"line":21,"column":29}},"11":{"start":{"line":22,"column":8},"end":{"line":22,"column":25}},"12":{"start":{"line":27,"column":21},"end":{"line":27,"column":34}},"13":{"start":{"line":28,"column":8},"end":{"line":36,"column":9}},"14":{"start":{"line":29,"column":12},"end":{"line":29,"column":29}},"15":{"start":{"line":31,"column":30},"end":{"line":31,"column":39}},"16":{"start":{"line":32,"column":12},"end":{"line":34,"column":13}},"17":{"start":{"line":33,"column":16},"end":{"line":33,"column":47}},"18":{"start":{"line":35,"column":12},"end":{"line":35,"column":36}},"19":{"start":{"line":37,"column":8},"end":{"line":37,"column":25}},"20":{"start":{"line":38,"column":8},"end":{"line":38,"column":25}},"21":{"start":{"line":41,"column":18},"end":{"line":41,"column":20}},"22":{"start":{"line":42,"column":8},"end":{"line":53,"column":9}},"23":{"start":{"line":43,"column":30},"end":{"line":43,"column":39}},"24":{"start":{"line":45,"column":12},"end":{"line":48,"column":13}},"25":{"start":{"line":45,"column":25},"end":{"line":45,"column":26}},"26":{"start":{"line":46,"column":16},"end":{"line":46,"column":49}},"27":{"start":{"line":47,"column":16},"end":{"line":47,"column":47}},"28":{"start":{"line":49,"column":12},"end":{"line":49,"column":28}},"29":{"start":{"line":52,"column":12},"end":{"line":52,"column":44}},"30":{"start":{"line":59,"column":8},"end":{"line":80,"column":9}},"31":{"start":{"line":60,"column":12},"end":{"line":78,"column":17}},"32":{"start":{"line":61,"column":16},"end":{"line":61,"column":33}},"33":{"start":{"line":62,"column":16},"end":{"line":62,"column":33}},"34":{"start":{"line":63,"column":16},"end":{"line":63,"column":31}},"35":{"start":{"line":65,"column":16},"end":{"line":78,"column":17}},"36":{"start":{"line":66,"column":20},"end":{"line":66,"column":47}},"37":{"start":{"line":67,"column":20},"end":{"line":67,"column":36}},"38":{"start":{"line":70,"column":20},"end":{"line":70,"column":53}},"39":{"start":{"line":71,"column":38},"end":{"line":71,"column":47}},"40":{"start":{"line":72,"column":20},"end":{"line":74,"column":21}},"41":{"start":{"line":72,"column":33},"end":{"line":72,"column":34}},"42":{"start":{"line":73,"column":24},"end":{"line":73,"column":55}},"43":{"start":{"line":75,"column":31},"end":{"line":75,"column":52}},"44":{"start":{"line":76,"column":20},"end":{"line":76,"column":44}},"45":{"start":{"line":77,"column":20},"end":{"line":77,"column":37}},"46":{"start":{"line":84,"column":8},"end":{"line":101,"column":9}},"47":{"start":{"line":85,"column":12},"end":{"line":85,"column":28}},"48":{"start":{"line":88,"column":12},"end":{"line":100,"column":13}},"49":{"start":{"line":89,"column":16},"end":{"line":89,"column":32}},"50":{"start":{"line":92,"column":29},"end":{"line":92,"column":42}},"51":{"start":{"line":93,"column":34},"end":{"line":93,"column":43}},"52":{"start":{"line":94,"column":16},"end":{"line":96,"column":17}},"53":{"start":{"line":94,"column":29},"end":{"line":94,"column":30}},"54":{"start":{"line":95,"column":20},"end":{"line":95,"column":51}},"55":{"start":{"line":97,"column":16},"end":{"line":97,"column":45}},"56":{"start":{"line":98,"column":16},"end":{"line":98,"column":40}},"57":{"start":{"line":99,"column":16},"end":{"line":99,"column":33}},"58":{"start":{"line":105,"column":26},"end":{"line":105,"column":35}},"59":{"start":{"line":106,"column":8},"end":{"line":111,"column":9}},"60":{"start":{"line":107,"column":12},"end":{"line":107,"column":29}},"61":{"start":{"line":108,"column":12},"end":{"line":108,"column":29}},"62":{"start":{"line":109,"column":12},"end":{"line":109,"column":29}},"63":{"start":{"line":110,"column":12},"end":{"line":110,"column":19}},"64":{"start":{"line":112,"column":8},"end":{"line":114,"column":9}},"65":{"start":{"line":113,"column":12},"end":{"line":113,"column":43}},"66":{"start":{"line":115,"column":8},"end":{"line":115,"column":32}},"67":{"start":{"line":116,"column":8},"end":{"line":116,"column":30}},"68":{"start":{"line":117,"column":8},"end":{"line":117,"column":25}},"69":{"start":{"line":118,"column":8},"end":{"line":118,"column":15}},"70":{"start":{"line":122,"column":8},"end":{"line":137,"column":9}},"71":{"start":{"line":123,"column":12},"end":{"line":123,"column":24}},"72":{"start":{"line":124,"column":15},"end":{"line":137,"column":9}},"73":{"start":{"line":125,"column":25},"end":{"line":125,"column":34}},"74":{"start":{"line":126,"column":12},"end":{"line":126,"column":29}},"75":{"start":{"line":127,"column":12},"end":{"line":127,"column":29}},"76":{"start":{"line":128,"column":12},"end":{"line":128,"column":29}},"77":{"start":{"line":130,"column":12},"end":{"line":130,"column":26}},"78":{"start":{"line":132,"column":25},"end":{"line":132,"column":34}},"79":{"start":{"line":133,"column":12},"end":{"line":133,"column":39}},"80":{"start":{"line":134,"column":12},"end":{"line":134,"column":29}},"81":{"start":{"line":136,"column":12},"end":{"line":136,"column":26}},"82":{"start":{"line":141,"column":0},"end":{"line":141,"column":28}}},"fnMap":{"0":{"name":"(anonymous_0)","decl":{"start":{"line":6,"column":4},"end":{"line":6,"column":5}},"loc":{"start":{"line":6,"column":18},"end":{"line":10,"column":5}},"line":6},"1":{"name":"(anonymous_1)","decl":{"start":{"line":12,"column":4},"end":{"line":12,"column":5}},"loc":{"start":{"line":12,"column":16},"end":{"line":24,"column":5}},"line":12},"2":{"name":"(anonymous_2)","decl":{"start":{"line":26,"column":4},"end":{"line":26,"column":5}},"loc":{"start":{"line":26,"column":16},"end":{"line":39,"column":5}},"line":26},"3":{"name":"(anonymous_3)","decl":{"start":{"line":40,"column":4},"end":{"line":40,"column":5}},"loc":{"start":{"line":40,"column":16},"end":{"line":54,"column":5}},"line":40},"4":{"name":"(anonymous_4)","decl":{"start":{"line":57,"column":4},"end":{"line":57,"column":5}},"loc":{"start":{"line":57,"column":19},"end":{"line":81,"column":5}},"line":57},"5":{"name":"(anonymous_5)","decl":{"start":{"line":83,"column":4},"end":{"line":83,"column":5}},"loc":{"start":{"line":83,"column":23},"end":{"line":102,"column":5}},"line":83},"6":{"name":"(anonymous_6)","decl":{"start":{"line":104,"column":4},"end":{"line":104,"column":5}},"loc":{"start":{"line":104,"column":17},"end":{"line":119,"column":5}},"line":104},"7":{"name":"(anonymous_7)","decl":{"start":{"line":121,"column":4},"end":{"line":121,"column":5}},"loc":{"start":{"line":121,"column":18},"end":{"line":138,"column":5}},"line":121}},"branchMap":{"0":{"loc":{"start":{"line":14,"column":8},"end":{"line":19,"column":9}},"type":"if","locations":[{"start":{"line":14,"column":8},"end":{"line":19,"column":9}},{"start":{"line":16,"column":15},"end":{"line":19,"column":9}}],"line":14},"1":{"loc":{"start":{"line":20,"column":8},"end":{"line":21,"column":29}},"type":"if","locations":[{"start":{"line":20,"column":8},"end":{"line":21,"column":29}},{"start":{},"end":{}}],"line":20},"2":{"loc":{"start":{"line":28,"column":8},"end":{"line":36,"column":9}},"type":"if","locations":[{"start":{"line":28,"column":8},"end":{"line":36,"column":9}},{"start":{"line":30,"column":15},"end":{"line":36,"column":9}}],"line":28},"3":{"loc":{"start":{"line":42,"column":8},"end":{"line":53,"column":9}},"type":"if","locations":[{"start":{"line":42,"column":8},"end":{"line":53,"column":9}},{"start":{"line":51,"column":13},"end":{"line":53,"column":9}}],"line":42},"4":{"loc":{"start":{"line":59,"column":8},"end":{"line":80,"column":9}},"type":"if","locations":[{"start":{"line":59,"column":8},"end":{"line":80,"column":9}},{"start":{},"end":{}}],"line":59},"5":{"loc":{"start":{"line":60,"column":12},"end":{"line":78,"column":17}},"type":"if","locations":[{"start":{"line":60,"column":12},"end":{"line":78,"column":17}},{"start":{"line":65,"column":16},"end":{"line":78,"column":17}}],"line":60},"6":{"loc":{"start":{"line":65,"column":16},"end":{"line":78,"column":17}},"type":"if","locations":[{"start":{"line":65,"column":16},"end":{"line":78,"column":17}},{"start":{"line":69,"column":21},"end":{"line":78,"column":17}}],"line":65},"7":{"loc":{"start":{"line":84,"column":8},"end":{"line":101,"column":9}},"type":"if","locations":[{"start":{"line":84,"column":8},"end":{"line":101,"column":9}},{"start":{"line":87,"column":13},"end":{"line":101,"column":9}}],"line":84},"8":{"loc":{"start":{"line":88,"column":12},"end":{"line":100,"column":13}},"type":"if","locations":[{"start":{"line":88,"column":12},"end":{"line":100,"column":13}},{"start":{"line":91,"column":17},"end":{"line":100,"column":13}}],"line":88},"9":{"loc":{"start":{"line":88,"column":16},"end":{"line":88,"column":44}},"type":"binary-expr","locations":[{"start":{"line":88,"column":16},"end":{"line":88,"column":32}},{"start":{"line":88,"column":36},"end":{"line":88,"column":44}}],"line":88},"10":{"loc":{"start":{"line":106,"column":8},"end":{"line":111,"column":9}},"type":"if","locations":[{"start":{"line":106,"column":8},"end":{"line":111,"column":9}},{"start":{},"end":{}}],"line":106},"11":{"loc":{"start":{"line":122,"column":8},"end":{"line":137,"column":9}},"type":"if","locations":[{"start":{"line":122,"column":8},"end":{"line":137,"column":9}},{"start":{"line":124,"column":15},"end":{"line":137,"column":9}}],"line":122},"12":{"loc":{"start":{"line":124,"column":15},"end":{"line":137,"column":9}},"type":"if","locations":[{"start":{"line":124,"column":15},"end":{"line":137,"column":9}},{"start":{"line":131,"column":15},"end":{"line":137,"column":9}}],"line":124}},"s":{"0":3,"1":27,"2":27,"3":27,"4":24,"5":24,"6":10,"7":14,"8":14,"9":24,"10":10,"11":24,"12":19,"13":19,"14":10,"15":9,"16":9,"17":5,"18":9,"19":19,"20":19,"21":0,"22":0,"23":0,"24":0,"25":0,"26":0,"27":0,"28":0,"29":0,"30":5,"31":4,"32":1,"33":1,"34":1,"35":3,"36":1,"37":1,"38":2,"39":2,"40":2,"41":2,"42":0,"43":2,"44":2,"45":2,"46":4,"47":1,"48":3,"49":2,"50":1,"51":1,"52":1,"53":1,"54":0,"55":1,"56":1,"57":1,"58":1,"59":1,"60":0,"61":0,"62":0,"63":0,"64":1,"65":1,"66":1,"67":1,"68":1,"69":1,"70":1,"71":0,"72":1,"73":0,"74":0,"75":0,"76":0,"77":0,"78":1,"79":1,"80":1,"81":1,"82":3},"f":{"0":27,"1":24,"2":19,"3":0,"4":5,"5":4,"6":1,"7":1},"b":{"0":[10,14],"1":[10,14],"2":[10,9],"3":[0,0],"4":[4,1],"5":[1,3],"6":[1,2],"7":[1,3],"8":[2,1],"9":[3,2],"10":[0,1],"11":[0,1],"12":[0,1]},"_coverageSchema":"1a1c01bbd47fc00a2c39e90264f33305004495a9","hash":"9c7c419aae441efca9fe781e3d2f5bf969124c37"}
,"/home/eman/401course/Code-Challenge---Stack-and-Queue/node.js": {"path":"/home/eman/401course/Code-Challenge---Stack-and-Queue/node.js","statementMap":{"0":{"start":{"line":5,"column":4},"end":{"line":5,"column":23}},"1":{"start":{"line":6,"column":4},"end":{"line":6,"column":21}},"2":{"start":{"line":10,"column":0},"end":{"line":10,"column":22}}},"fnMap":{"0":{"name":"(anonymous_0)","decl":{"start":{"line":4,"column":2},"end":{"line":4,"column":3}},"loc":{"start":{"line":4,"column":34},"end":{"line":7,"column":3}},"line":4}},"branchMap":{"0":{"loc":{"start":{"line":4,"column":21},"end":{"line":4,"column":32}},"type":"default-arg","locations":[{"start":{"line":4,"column":28},"end":{"line":4,"column":32}}],"line":4}},"s":{"0":45,"1":45,"2":4},"f":{"0":45},"b":{"0":[45]},"_coverageSchema":"1a1c01bbd47fc00a2c39e90264f33305004495a9","hash":"14933597242daaee41cbe8ff9d3e56fdd54e3460"}
,"/home/eman/401course/Code-Challenge---Stack-and-Queue/queue.js": {"path":"/home/eman/401course/Code-Challenge---Stack-and-Queue/queue.js","statementMap":{"0":{"start":{"line":3,"column":19},"end":{"line":3,"column":44}},"1":{"start":{"line":7,"column":8},"end":{"line":7,"column":26}},"2":{"start":{"line":8,"column":8},"end":{"line":8,"column":38}},"3":{"start":{"line":12,"column":8},"end":{"line":12,"column":37}},"4":{"start":{"line":13,"column":8},"end":{"line":17,"column":9}},"5":{"start":{"line":14,"column":12},"end":{"line":14,"column":31}},"6":{"start":{"line":16,"column":12},"end":{"line":16,"column":49}},"7":{"start":{"line":21,"column":26},"end":{"line":21,"column":52}},"8":{"start":{"line":22,"column":8},"end":{"line":22,"column":33}},"9":{"start":{"line":26,"column":8},"end":{"line":26,"column":33}},"10":{"start":{"line":30,"column":8},"end":{"line":31,"column":26}},"11":{"start":{"line":30,"column":34},"end":{"line":30,"column":46}},"12":{"start":{"line":31,"column":13},"end":{"line":31,"column":26}},"13":{"start":{"line":35,"column":0},"end":{"line":35,"column":23}}},"fnMap":{"0":{"name":"(anonymous_0)","decl":{"start":{"line":6,"column":4},"end":{"line":6,"column":5}},"loc":{"start":{"line":6,"column":19},"end":{"line":9,"column":5}},"line":6},"1":{"name":"(anonymous_1)","decl":{"start":{"line":11,"column":4},"end":{"line":11,"column":5}},"loc":{"start":{"line":11,"column":22},"end":{"line":18,"column":5}},"line":11},"2":{"name":"(anonymous_2)","decl":{"start":{"line":20,"column":4},"end":{"line":20,"column":5}},"loc":{"start":{"line":20,"column":15},"end":{"line":23,"column":5}},"line":20},"3":{"name":"(anonymous_3)","decl":{"start":{"line":25,"column":4},"end":{"line":25,"column":5}},"loc":{"start":{"line":25,"column":12},"end":{"line":27,"column":5}},"line":25},"4":{"name":"(anonymous_4)","decl":{"start":{"line":29,"column":4},"end":{"line":29,"column":5}},"loc":{"start":{"line":29,"column":15},"end":{"line":32,"column":5}},"line":29}},"branchMap":{"0":{"loc":{"start":{"line":13,"column":8},"end":{"line":17,"column":9}},"type":"if","locations":[{"start":{"line":13,"column":8},"end":{"line":17,"column":9}},{"start":{"line":15,"column":15},"end":{"line":17,"column":9}}],"line":13},"1":{"loc":{"start":{"line":30,"column":8},"end":{"line":31,"column":26}},"type":"if","locations":[{"start":{"line":30,"column":8},"end":{"line":31,"column":26}},{"start":{"line":31,"column":13},"end":{"line":31,"column":26}}],"line":30}},"s":{"0":1,"1":6,"2":6,"3":6,"4":6,"5":4,"6":2,"7":1,"8":1,"9":1,"10":2,"11":1,"12":1,"13":1},"f":{"0":6,"1":6,"2":1,"3":1,"4":2},"b":{"0":[4,2],"1":[1,1]},"_coverageSchema":"1a1c01bbd47fc00a2c39e90264f33305004495a9","hash":"b6f1e38e317c603555eb04fbb273fab4632d3f7f"}
,"/home/eman/401course/Code-Challenge---Stack-and-Queue/stack.js": {"path":"/home/eman/401course/Code-Challenge---Stack-and-Queue/stack.js","statementMap":{"0":{"start":{"line":3,"column":19},"end":{"line":3,"column":43}},"1":{"start":{"line":7,"column":8},"end":{"line":7,"column":39}},"2":{"start":{"line":8,"column":8},"end":{"line":8,"column":23}},"3":{"start":{"line":12,"column":8},"end":{"line":12,"column":35}},"4":{"start":{"line":13,"column":8},"end":{"line":13,"column":25}},"5":{"start":{"line":17,"column":8},"end":{"line":23,"column":9}},"6":{"start":{"line":18,"column":12},"end":{"line":18,"column":38}},"7":{"start":{"line":19,"column":12},"end":{"line":19,"column":41}},"8":{"start":{"line":20,"column":12},"end":{"line":20,"column":27}},"9":{"start":{"line":22,"column":12},"end":{"line":22,"column":23}},"10":{"start":{"line":27,"column":8},"end":{"line":27,"column":23}},"11":{"start":{"line":31,"column":8},"end":{"line":32,"column":25}},"12":{"start":{"line":31,"column":30},"end":{"line":31,"column":41}},"13":{"start":{"line":32,"column":13},"end":{"line":32,"column":25}},"14":{"start":{"line":36,"column":0},"end":{"line":36,"column":22}}},"fnMap":{"0":{"name":"(anonymous_0)","decl":{"start":{"line":6,"column":4},"end":{"line":6,"column":5}},"loc":{"start":{"line":6,"column":17},"end":{"line":9,"column":5}},"line":6},"1":{"name":"(anonymous_1)","decl":{"start":{"line":11,"column":4},"end":{"line":11,"column":5}},"loc":{"start":{"line":11,"column":19},"end":{"line":14,"column":5}},"line":11},"2":{"name":"(anonymous_2)","decl":{"start":{"line":16,"column":4},"end":{"line":16,"column":5}},"loc":{"start":{"line":16,"column":13},"end":{"line":24,"column":5}},"line":16},"3":{"name":"(anonymous_3)","decl":{"start":{"line":26,"column":4},"end":{"line":26,"column":5}},"loc":{"start":{"line":26,"column":10},"end":{"line":28,"column":5}},"line":26},"4":{"name":"(anonymous_4)","decl":{"start":{"line":30,"column":4},"end":{"line":30,"column":5}},"loc":{"start":{"line":30,"column":13},"end":{"line":33,"column":5}},"line":30}},"branchMap":{"0":{"loc":{"start":{"line":17,"column":8},"end":{"line":23,"column":9}},"type":"if","locations":[{"start":{"line":17,"column":8},"end":{"line":23,"column":9}},{"start":{"line":21,"column":15},"end":{"line":23,"column":9}}],"line":17},"1":{"loc":{"start":{"line":31,"column":8},"end":{"line":32,"column":25}},"type":"if","locations":[{"start":{"line":31,"column":8},"end":{"line":32,"column":25}},{"start":{"line":32,"column":13},"end":{"line":32,"column":25}}],"line":31}},"s":{"0":1,"1":7,"2":7,"3":8,"4":8,"5":2,"6":1,"7":1,"8":1,"9":1,"10":1,"11":2,"12":1,"13":1,"14":1},"f":{"0":7,"1":8,"2":2,"3":1,"4":2},"b":{"0":[1,1],"1":[1,1]},"_coverageSchema":"1a1c01bbd47fc00a2c39e90264f33305004495a9","hash":"aded3ffb97ed56c9ffbfa59128e9049e6c5b6fb2"}
}
