TN:
SF:LinkedList.js
FN:6,(anonymous_0)
FN:12,(anonymous_1)
FN:26,(anonymous_2)
FN:40,(anonymous_3)
FN:57,(anonymous_4)
FN:83,(anonymous_5)
FN:104,(anonymous_6)
FN:121,(anonymous_7)
FNF:8
FNH:7
FNDA:27,(anonymous_0)
FNDA:24,(anonymous_1)
FNDA:19,(anonymous_2)
FNDA:0,(anonymous_3)
FNDA:5,(anonymous_4)
FNDA:4,(anonymous_5)
FNDA:1,(anonymous_6)
FNDA:1,(anonymous_7)
DA:3,3
DA:7,27
DA:8,27
DA:9,27
DA:13,24
DA:14,24
DA:15,10
DA:17,14
DA:18,14
DA:20,24
DA:21,10
DA:22,24
DA:27,19
DA:28,19
DA:29,10
DA:31,9
DA:32,9
DA:33,5
DA:35,9
DA:37,19
DA:38,19
DA:41,0
DA:42,0
DA:43,0
DA:45,0
DA:46,0
DA:47,0
DA:49,0
DA:52,0
DA:59,5
DA:60,4
DA:61,1
DA:62,1
DA:63,1
DA:65,3
DA:66,1
DA:67,1
DA:70,2
DA:71,2
DA:72,2
DA:73,0
DA:75,2
DA:76,2
DA:77,2
DA:84,4
DA:85,1
DA:88,3
DA:89,2
DA:92,1
DA:93,1
DA:94,1
DA:95,0
DA:97,1
DA:98,1
DA:99,1
DA:105,1
DA:106,1
DA:107,0
DA:108,0
DA:109,0
DA:110,0
DA:112,1
DA:113,1
DA:115,1
DA:116,1
DA:117,1
DA:118,1
DA:122,1
DA:123,0
DA:124,1
DA:125,0
DA:126,0
DA:127,0
DA:128,0
DA:130,0
DA:132,1
DA:133,1
DA:134,1
DA:136,1
DA:141,3
LF:80
LH:60
BRDA:14,0,0,10
BRDA:14,0,1,14
BRDA:20,1,0,10
BRDA:20,1,1,14
BRDA:28,2,0,10
BRDA:28,2,1,9
BRDA:42,3,0,0
BRDA:42,3,1,0
BRDA:59,4,0,4
BRDA:59,4,1,1
BRDA:60,5,0,1
BRDA:60,5,1,3
BRDA:65,6,0,1
BRDA:65,6,1,2
BRDA:84,7,0,1
BRDA:84,7,1,3
BRDA:88,8,0,2
BRDA:88,8,1,1
BRDA:88,9,0,3
BRDA:88,9,1,2
BRDA:106,10,0,0
BRDA:106,10,1,1
BRDA:122,11,0,0
BRDA:122,11,1,1
BRDA:124,12,0,0
BRDA:124,12,1,1
BRF:26
BRH:21
end_of_record
TN:
SF:node.js
FN:4,(anonymous_0)
FNF:1
FNH:1
FNDA:45,(anonymous_0)
DA:5,45
DA:6,45
DA:10,4
LF:3
LH:3
BRDA:4,0,0,45
BRF:1
BRH:1
end_of_record
TN:
SF:queue.js
FN:6,(anonymous_0)
FN:11,(anonymous_1)
FN:20,(anonymous_2)
FN:25,(anonymous_3)
FN:29,(anonymous_4)
FNF:5
FNH:5
FNDA:6,(anonymous_0)
FNDA:6,(anonymous_1)
FNDA:1,(anonymous_2)
FNDA:1,(anonymous_3)
FNDA:2,(anonymous_4)
DA:3,1
DA:7,6
DA:8,6
DA:12,6
DA:13,6
DA:14,4
DA:16,2
DA:21,1
DA:22,1
DA:26,1
DA:30,2
DA:31,1
DA:35,1
LF:13
LH:13
BRDA:13,0,0,4
BRDA:13,0,1,2
BRDA:30,1,0,1
BRDA:30,1,1,1
BRF:4
BRH:4
end_of_record
TN:
SF:stack.js
FN:6,(anonymous_0)
FN:11,(anonymous_1)
FN:16,(anonymous_2)
FN:26,(anonymous_3)
FN:30,(anonymous_4)
FNF:5
FNH:5
FNDA:7,(anonymous_0)
FNDA:8,(anonymous_1)
FNDA:2,(anonymous_2)
FNDA:1,(anonymous_3)
FNDA:2,(anonymous_4)
DA:3,1
DA:7,7
DA:8,7
DA:12,8
DA:13,8
DA:17,2
DA:18,1
DA:19,1
DA:20,1
DA:22,1
DA:27,1
DA:31,2
DA:32,1
DA:36,1
LF:14
LH:14
BRDA:17,0,0,1
BRDA:17,0,1,1
BRDA:31,1,0,1
BRDA:31,1,1,1
BRF:4
BRH:4
end_of_record
